INFO 2025-07-07 14:30:05,499 autoreload 15160 18788 Watching for file changes with StatReloader
INFO 2025-07-07 14:30:11,442 autoreload 15160 18788 C:\Users\jason\Documents\ProjetosDEV\ProjectLabAtualizado2\LabConnect\settings\development.py changed, reloading.
INFO 2025-07-07 14:30:12,408 autoreload 21092 2100 Watching for file changes with StatReloader
INFO 2025-07-07 14:31:00,600 autoreload 21092 2100 C:\Users\jason\Documents\ProjetosDEV\ProjectLabAtualizado2\scheduling\admin.py changed, reloading.
INFO 2025-07-07 14:31:01,877 autoreload 18912 11368 Watching for file changes with StatReloader
INFO 2025-07-07 14:39:29,876 autoreload 18912 11368 C:\Users\jason\Documents\ProjetosDEV\ProjectLabAtualizado2\dashboard\views.py changed, reloading.
INFO 2025-07-07 14:39:30,941 autoreload 18668 12984 Watching for file changes with StatReloader
INFO 2025-07-07 14:39:52,028 autoreload 18668 12984 C:\Users\jason\Documents\ProjetosDEV\ProjectLabAtualizado2\LabConnect\settings\development.py changed, reloading.
INFO 2025-07-07 20:20:29,308 views 2780 5652    Labels: 9
INFO 2025-07-07 20:20:29,309 views 2780 5652    Datasets: 2
INFO 2025-07-07 20:20:29,310 views 2780 5652    Dataset 0 (Laboratório de Anatomia): Total=0
INFO 2025-07-07 20:20:29,310 views 2780 5652    Dataset 1 (testetes): Total=1
INFO 2025-07-07 20:20:30,757 views 2780 5652    Labels: 13
INFO 2025-07-07 20:20:30,757 views 2780 5652    Datasets: 2
INFO 2025-07-07 20:20:30,757 views 2780 5652    Dataset 0 (Laboratório de Anatomia): Total=0
INFO 2025-07-07 20:20:30,757 views 2780 5652    Dataset 1 (testetes): Total=1
INFO 2025-07-07 20:20:32,847 views 2780 5652    Labels: 13
INFO 2025-07-07 20:20:32,847 views 2780 5652    Datasets: 2
INFO 2025-07-07 20:20:32,847 views 2780 5652    Dataset 0 (Laboratório de Anatomia): Total=0
INFO 2025-07-07 20:20:32,847 views 2780 5652    Dataset 1 (testetes): Total=1
INFO 2025-07-07 20:20:33,826 views 2780 5652    Labels: 6
INFO 2025-07-07 20:20:33,826 views 2780 5652    Datasets: 2
INFO 2025-07-07 20:20:33,827 views 2780 5652    Dataset 0 (Laboratório de Anatomia): Total=0
INFO 2025-07-07 20:20:33,827 views 2780 5652    Dataset 1 (testetes): Total=1
INFO 2025-07-07 20:20:40,604 views 2780 5652    Labels: 13
INFO 2025-07-07 20:20:40,605 views 2780 5652    Datasets: 2
INFO 2025-07-07 20:20:40,605 views 2780 5652    Dataset 0 (Laboratório de Anatomia): Total=0
INFO 2025-07-07 20:20:40,605 views 2780 5652    Dataset 1 (testetes): Total=1
INFO 2025-07-07 20:20:44,405 views 2780 5652    Labels: 6
INFO 2025-07-07 20:20:44,405 views 2780 5652    Datasets: 1
INFO 2025-07-07 20:20:44,405 views 2780 5652    Dataset 0 (testetes): Total=1
INFO 2025-07-07 20:20:46,408 views 2780 5652    Labels: 6
INFO 2025-07-07 20:20:46,409 views 2780 5652    Datasets: 1
INFO 2025-07-07 20:20:46,409 views 2780 5652    Dataset 0 (Laboratório de Anatomia): Total=0
INFO 2025-07-07 20:20:48,638 views 2780 5652    Labels: 13
INFO 2025-07-07 20:20:48,638 views 2780 5652    Datasets: 1
INFO 2025-07-07 20:20:48,638 views 2780 5652    Dataset 0 (Laboratório de Anatomia): Total=0
INFO 2025-07-07 20:20:49,434 views 2780 5652    Labels: 9
INFO 2025-07-07 20:20:49,435 views 2780 5652    Datasets: 1
INFO 2025-07-07 20:20:49,435 views 2780 5652    Dataset 0 (Laboratório de Anatomia): Total=0
INFO 2025-07-07 20:21:25,050 views 2780 5652    Labels: 13
INFO 2025-07-07 20:21:25,050 views 2780 5652    Datasets: 2
INFO 2025-07-07 20:21:25,050 views 2780 5652    Dataset 0 (Laboratório de Anatomia): Total=0
INFO 2025-07-07 20:21:25,051 views 2780 5652    Dataset 1 (testetes): Total=1
INFO 2025-07-07 20:22:05,822 views 2780 1616    Pendentes: 0
INFO 2025-07-07 20:22:05,822 views 2780 1616    Aprovados: 3
INFO 2025-07-07 20:22:05,822 views 2780 1616    Esta semana: 1
INFO 2025-07-07 20:22:05,822 views 2780 1616    Total: 4
INFO 2025-07-07 21:01:08,568 views 2780 17616    Labels: 13
INFO 2025-07-07 21:01:08,568 views 2780 17616    Datasets: 2
INFO 2025-07-07 21:01:08,568 views 2780 17616    Dataset 0 (Laboratório de Anatomia): Total=0
INFO 2025-07-07 21:01:08,569 views 2780 17616    Dataset 1 (testetes): Total=2
INFO 2025-07-07 21:01:09,597 views 2780 17616    Labels: 6
INFO 2025-07-07 21:01:09,597 views 2780 17616    Datasets: 2
INFO 2025-07-07 21:01:09,597 views 2780 17616    Dataset 0 (Laboratório de Anatomia): Total=0
INFO 2025-07-07 21:01:09,598 views 2780 17616    Dataset 1 (testetes): Total=2
INFO 2025-07-07 21:01:10,258 views 2780 17616    Labels: 9
INFO 2025-07-07 21:01:10,258 views 2780 17616    Datasets: 2
INFO 2025-07-07 21:01:10,259 views 2780 17616    Dataset 0 (Laboratório de Anatomia): Total=0
INFO 2025-07-07 21:01:10,259 views 2780 17616    Dataset 1 (testetes): Total=2
INFO 2025-07-07 21:03:03,344 views 2780 17616    Labels: 9
INFO 2025-07-07 21:03:03,344 views 2780 17616    Datasets: 3
INFO 2025-07-07 21:03:03,344 views 2780 17616    Dataset 0 (Laboratório de Anatomia): Total=0
INFO 2025-07-07 21:03:03,344 views 2780 17616    Dataset 1 (Laboratório de Informática 1): Total=0
INFO 2025-07-07 21:03:03,345 views 2780 17616    Dataset 2 (Laboratório Solos e Sementes): Total=2
INFO 2025-07-07 21:03:19,522 views 2780 17616    Labels: 9
INFO 2025-07-07 21:03:19,522 views 2780 17616    Datasets: 1
INFO 2025-07-07 21:03:19,522 views 2780 17616    Dataset 0 (Laboratório de Anatomia): Total=0
INFO 2025-07-07 21:03:21,943 views 2780 17616    Labels: 9
INFO 2025-07-07 21:03:21,944 views 2780 17616    Datasets: 1
INFO 2025-07-07 21:03:21,944 views 2780 17616    Dataset 0 (Laboratório Solos e Sementes): Total=2
INFO 2025-07-07 21:03:55,775 views 2780 17616    Labels: 13
INFO 2025-07-07 21:03:55,775 views 2780 17616    Datasets: 3
INFO 2025-07-07 21:03:55,775 views 2780 17616    Dataset 0 (Laboratório de Anatomia): Total=0
INFO 2025-07-07 21:03:55,775 views 2780 17616    Dataset 1 (Laboratório de Informática 1): Total=0
INFO 2025-07-07 21:03:55,775 views 2780 17616    Dataset 2 (Laboratório Solos e Sementes): Total=2
INFO 2025-07-07 21:03:57,385 views 2780 17616    Labels: 6
INFO 2025-07-07 21:03:57,385 views 2780 17616    Datasets: 3
INFO 2025-07-07 21:03:57,385 views 2780 17616    Dataset 0 (Laboratório de Anatomia): Total=0
INFO 2025-07-07 21:03:57,385 views 2780 17616    Dataset 1 (Laboratório de Informática 1): Total=0
INFO 2025-07-07 21:03:57,386 views 2780 17616    Dataset 2 (Laboratório Solos e Sementes): Total=2
INFO 2025-07-07 21:03:59,935 views 2780 17616    Labels: 13
INFO 2025-07-07 21:03:59,936 views 2780 17616    Datasets: 3
INFO 2025-07-07 21:03:59,936 views 2780 17616    Dataset 0 (Laboratório de Anatomia): Total=0
INFO 2025-07-07 21:03:59,936 views 2780 17616    Dataset 1 (Laboratório de Informática 1): Total=0
INFO 2025-07-07 21:03:59,936 views 2780 17616    Dataset 2 (Laboratório Solos e Sementes): Total=2
INFO 2025-07-08 13:55:25,518 views 1048 8216    Labels: 9
INFO 2025-07-08 13:55:25,518 views 1048 8216    Datasets: 3
INFO 2025-07-08 13:55:25,518 views 1048 8216    Dataset 0 (Laboratório de Anatomia): Total=0
INFO 2025-07-08 13:55:25,519 views 1048 8216    Dataset 1 (Laboratório de Informática 1): Total=0
INFO 2025-07-08 13:55:25,519 views 1048 8216    Dataset 2 (Laboratório Solos e Sementes): Total=2
INFO 2025-07-08 13:55:28,932 views 1048 8216    Labels: 13
INFO 2025-07-08 13:55:28,932 views 1048 8216    Datasets: 3
INFO 2025-07-08 13:55:28,933 views 1048 8216    Dataset 0 (Laboratório de Anatomia): Total=0
INFO 2025-07-08 13:55:28,933 views 1048 8216    Dataset 1 (Laboratório de Informática 1): Total=0
INFO 2025-07-08 13:55:28,933 views 1048 8216    Dataset 2 (Laboratório Solos e Sementes): Total=2
INFO 2025-07-08 13:55:30,132 views 1048 8216    Labels: 6
INFO 2025-07-08 13:55:30,133 views 1048 8216    Datasets: 3
INFO 2025-07-08 13:55:30,133 views 1048 8216    Dataset 0 (Laboratório de Anatomia): Total=0
INFO 2025-07-08 13:55:30,133 views 1048 8216    Dataset 1 (Laboratório de Informática 1): Total=0
INFO 2025-07-08 13:55:30,133 views 1048 8216    Dataset 2 (Laboratório Solos e Sementes): Total=2
INFO 2025-07-08 13:57:56,978 views 1048 8216    Labels: 13
INFO 2025-07-08 13:57:56,978 views 1048 8216    Datasets: 3
INFO 2025-07-08 13:57:56,978 views 1048 8216    Dataset 0 (Laboratório de Anatomia): Total=0
INFO 2025-07-08 13:57:56,979 views 1048 8216    Dataset 1 (Laboratório de Informática 1): Total=0
INFO 2025-07-08 13:57:56,979 views 1048 8216    Dataset 2 (Laboratório Solos e Sementes): Total=2
INFO 2025-07-08 14:05:41,303 views 10072 8340    Labels: 9
INFO 2025-07-08 14:05:41,303 views 10072 8340    Datasets: 3
INFO 2025-07-08 14:05:41,303 views 10072 8340    Dataset 0 (Laboratório de Anatomia): Total=0
INFO 2025-07-08 14:05:41,304 views 10072 8340    Dataset 1 (Laboratório de Informática 1): Total=0
INFO 2025-07-08 14:05:41,304 views 10072 8340    Dataset 2 (Laboratório Solos e Sementes): Total=2
INFO 2025-07-08 18:44:20,039 views 17432 13960    Labels: 9
INFO 2025-07-08 18:44:20,040 views 17432 13960    Datasets: 4
INFO 2025-07-08 18:44:20,041 views 17432 13960    Dataset 0 (Laboratório de Anatomia): Total=0
INFO 2025-07-08 18:44:20,041 views 17432 13960    Dataset 1 (Laboratório de Informática 1): Total=0
INFO 2025-07-08 18:44:20,041 views 17432 13960    Dataset 2 (Laboratório Multidisciplinar - Teste): Total=0
INFO 2025-07-08 18:44:20,041 views 17432 13960    Dataset 3 (Laboratório Solos e Sementes): Total=2
INFO 2025-07-09 14:13:45,461 views 21752 6760    Labels: 9
INFO 2025-07-09 14:13:45,462 views 21752 6760    Datasets: 5
INFO 2025-07-09 14:13:45,462 views 21752 6760    Dataset 0 (Laboratório de Anatomia): Total=0
INFO 2025-07-09 14:13:45,462 views 21752 6760    Dataset 1 (Laboratório de Informática 1): Total=0
INFO 2025-07-09 14:13:45,463 views 21752 6760    Dataset 2 (Laboratório de Informática 2): Total=0
INFO 2025-07-09 14:13:45,463 views 21752 6760    Dataset 3 (Laboratório Multidisciplinar): Total=0
INFO 2025-07-09 14:13:45,463 views 21752 6760    Dataset 4 (Laboratório Solos e Sementes): Total=3
INFO 2025-07-09 14:13:51,548 views 21752 9640    Labels: 9
INFO 2025-07-09 14:13:51,548 views 21752 9640    Datasets: 5
INFO 2025-07-09 14:13:51,548 views 21752 9640    Dataset 0 (Laboratório de Anatomia): Total=0
INFO 2025-07-09 14:13:51,549 views 21752 9640    Dataset 1 (Laboratório de Informática 1): Total=0
INFO 2025-07-09 14:13:51,549 views 21752 9640    Dataset 2 (Laboratório de Informática 2): Total=0
INFO 2025-07-09 14:13:51,549 views 21752 9640    Dataset 3 (Laboratório Multidisciplinar): Total=0
INFO 2025-07-09 14:13:51,550 views 21752 9640    Dataset 4 (Laboratório Solos e Sementes): Total=3
INFO 2025-07-09 14:55:06,844 views 13460 4608    Labels: 9
INFO 2025-07-09 14:55:06,844 views 13460 4608    Datasets: 5
INFO 2025-07-09 14:55:06,844 views 13460 4608    Dataset 0 (Laboratório de Anatomia): Total=0
INFO 2025-07-09 14:55:06,845 views 13460 4608    Dataset 1 (Laboratório de Informática 1): Total=0
INFO 2025-07-09 14:55:06,845 views 13460 4608    Dataset 2 (Laboratório de Informática 2): Total=0
INFO 2025-07-09 14:55:06,845 views 13460 4608    Dataset 3 (Laboratório Multidisciplinar): Total=0
INFO 2025-07-09 14:55:06,846 views 13460 4608    Dataset 4 (Laboratório Solos e Sementes): Total=3
INFO 2025-07-09 14:55:36,378 views 13460 4608    Labels: 13
INFO 2025-07-09 14:55:36,378 views 13460 4608    Datasets: 5
INFO 2025-07-09 14:55:36,379 views 13460 4608    Dataset 0 (Laboratório de Anatomia): Total=0
INFO 2025-07-09 14:55:36,379 views 13460 4608    Dataset 1 (Laboratório de Informática 1): Total=0
INFO 2025-07-09 14:55:36,379 views 13460 4608    Dataset 2 (Laboratório de Informática 2): Total=0
INFO 2025-07-09 14:55:36,379 views 13460 4608    Dataset 3 (Laboratório Multidisciplinar): Total=0
INFO 2025-07-09 14:55:36,379 views 13460 4608    Dataset 4 (Laboratório Solos e Sementes): Total=3
INFO 2025-07-09 14:55:37,489 views 13460 4608    Labels: 6
INFO 2025-07-09 14:55:37,489 views 13460 4608    Datasets: 5
INFO 2025-07-09 14:55:37,489 views 13460 4608    Dataset 0 (Laboratório de Anatomia): Total=0
INFO 2025-07-09 14:55:37,490 views 13460 4608    Dataset 1 (Laboratório de Informática 1): Total=0
INFO 2025-07-09 14:55:37,490 views 13460 4608    Dataset 2 (Laboratório de Informática 2): Total=0
INFO 2025-07-09 14:55:37,490 views 13460 4608    Dataset 3 (Laboratório Multidisciplinar): Total=0
INFO 2025-07-09 14:55:37,490 views 13460 4608    Dataset 4 (Laboratório Solos e Sementes): Total=3
INFO 2025-07-09 15:03:10,237 views 13460 14620    Labels: 9
INFO 2025-07-09 15:03:10,238 views 13460 14620    Datasets: 5
INFO 2025-07-09 15:03:10,238 views 13460 14620    Dataset 0 (Laboratório de Anatomia): Total=0
INFO 2025-07-09 15:03:10,238 views 13460 14620    Dataset 1 (Laboratório de Informática 1): Total=0
INFO 2025-07-09 15:03:10,238 views 13460 14620    Dataset 2 (Laboratório de Informática 2): Total=0
INFO 2025-07-09 15:03:10,239 views 13460 14620    Dataset 3 (Laboratório Multidisciplinar): Total=0
INFO 2025-07-09 15:03:10,239 views 13460 14620    Dataset 4 (Laboratório Solos e Sementes): Total=3
INFO 2025-07-09 15:07:30,688 views 13460 7080    Labels: 9
INFO 2025-07-09 15:07:30,689 views 13460 7080    Datasets: 5
INFO 2025-07-09 15:07:30,689 views 13460 7080    Dataset 0 (Laboratório de Anatomia): Total=0
INFO 2025-07-09 15:07:30,689 views 13460 7080    Dataset 1 (Laboratório de Informática 1): Total=0
INFO 2025-07-09 15:07:30,690 views 13460 7080    Dataset 2 (Laboratório de Informática 2): Total=0
INFO 2025-07-09 15:07:30,690 views 13460 7080    Dataset 3 (Laboratório Multidisciplinar): Total=0
INFO 2025-07-09 15:07:30,691 views 13460 7080    Dataset 4 (Laboratório Solos e Sementes): Total=3
INFO 2025-07-09 15:12:25,235 views 2740 7892    Labels: 9
INFO 2025-07-09 15:12:25,236 views 2740 7892    Datasets: 5
INFO 2025-07-09 15:12:25,236 views 2740 7892    Dataset 0 (Laboratório de Anatomia): Total=0
INFO 2025-07-09 15:12:25,237 views 2740 7892    Dataset 1 (Laboratório de Informática 1): Total=0
INFO 2025-07-09 15:12:25,237 views 2740 7892    Dataset 2 (Laboratório de Informática 2): Total=0
INFO 2025-07-09 15:12:25,237 views 2740 7892    Dataset 3 (Laboratório Multidisciplinar): Total=0
INFO 2025-07-09 15:12:25,238 views 2740 7892    Dataset 4 (Laboratório Solos e Sementes): Total=3
INFO 2025-07-09 15:13:52,080 views 2740 7892    Labels: 13
INFO 2025-07-09 15:13:52,081 views 2740 7892    Datasets: 5
INFO 2025-07-09 15:13:52,081 views 2740 7892    Dataset 0 (Laboratório de Anatomia): Total=0
INFO 2025-07-09 15:13:52,081 views 2740 7892    Dataset 1 (Laboratório de Informática 1): Total=0
INFO 2025-07-09 15:13:52,082 views 2740 7892    Dataset 2 (Laboratório de Informática 2): Total=0
INFO 2025-07-09 15:13:52,082 views 2740 7892    Dataset 3 (Laboratório Multidisciplinar): Total=0
INFO 2025-07-09 15:13:52,082 views 2740 7892    Dataset 4 (Laboratório Solos e Sementes): Total=3
INFO 2025-07-09 15:13:53,170 views 2740 7892    Labels: 6
INFO 2025-07-09 15:13:53,170 views 2740 7892    Datasets: 5
INFO 2025-07-09 15:13:53,170 views 2740 7892    Dataset 0 (Laboratório de Anatomia): Total=0
INFO 2025-07-09 15:13:53,170 views 2740 7892    Dataset 1 (Laboratório de Informática 1): Total=0
INFO 2025-07-09 15:13:53,170 views 2740 7892    Dataset 2 (Laboratório de Informática 2): Total=0
INFO 2025-07-09 15:13:53,171 views 2740 7892    Dataset 3 (Laboratório Multidisciplinar): Total=0
INFO 2025-07-09 15:13:53,171 views 2740 7892    Dataset 4 (Laboratório Solos e Sementes): Total=3
INFO 2025-07-09 15:15:12,250 views 2740 3212    Labels: 9
INFO 2025-07-09 15:15:12,250 views 2740 3212    Datasets: 5
INFO 2025-07-09 15:15:12,250 views 2740 3212    Dataset 0 (Laboratório de Anatomia): Total=0
INFO 2025-07-09 15:15:12,251 views 2740 3212    Dataset 1 (Laboratório de Informática 1): Total=0
INFO 2025-07-09 15:15:12,251 views 2740 3212    Dataset 2 (Laboratório de Informática 2): Total=0
INFO 2025-07-09 15:15:12,251 views 2740 3212    Dataset 3 (Laboratório Multidisciplinar): Total=0
INFO 2025-07-09 15:15:12,251 views 2740 3212    Dataset 4 (Laboratório Solos e Sementes): Total=3
INFO 2025-07-09 15:18:20,029 views 2740 16636    Labels: 9
INFO 2025-07-09 15:18:20,030 views 2740 16636    Datasets: 5
INFO 2025-07-09 15:18:20,030 views 2740 16636    Dataset 0 (Laboratório de Anatomia): Total=0
INFO 2025-07-09 15:18:20,030 views 2740 16636    Dataset 1 (Laboratório de Informática 1): Total=0
INFO 2025-07-09 15:18:20,030 views 2740 16636    Dataset 2 (Laboratório de Informática 2): Total=0
INFO 2025-07-09 15:18:20,031 views 2740 16636    Dataset 3 (Laboratório Multidisciplinar): Total=0
INFO 2025-07-09 15:18:20,031 views 2740 16636    Dataset 4 (Laboratório Solos e Sementes): Total=3
INFO 2025-07-09 15:26:22,850 views 23220 3608    Labels: 9
INFO 2025-07-09 15:26:22,850 views 23220 3608    Datasets: 5
INFO 2025-07-09 15:26:22,850 views 23220 3608    Dataset 0 (Laboratório de Anatomia): Total=0
INFO 2025-07-09 15:26:22,851 views 23220 3608    Dataset 1 (Laboratório de Informática 1): Total=0
INFO 2025-07-09 15:26:22,851 views 23220 3608    Dataset 2 (Laboratório de Informática 2): Total=0
INFO 2025-07-09 15:26:22,851 views 23220 3608    Dataset 3 (Laboratório Multidisciplinar): Total=0
INFO 2025-07-09 15:26:22,851 views 23220 3608    Dataset 4 (Laboratório Solos e Sementes): Total=3
INFO 2025-07-09 15:37:43,657 views 3564 6340    Labels: 9
INFO 2025-07-09 15:37:43,658 views 3564 6340    Datasets: 5
INFO 2025-07-09 15:37:43,658 views 3564 6340    Dataset 0 (Laboratório de Anatomia): Total=0
INFO 2025-07-09 15:37:43,658 views 3564 6340    Dataset 1 (Laboratório de Informática 1): Total=0
INFO 2025-07-09 15:37:43,658 views 3564 6340    Dataset 2 (Laboratório de Informática 2): Total=0
INFO 2025-07-09 15:37:43,659 views 3564 6340    Dataset 3 (Laboratório Multidisciplinar): Total=0
INFO 2025-07-09 15:37:43,659 views 3564 6340    Dataset 4 (Laboratório Solos e Sementes): Total=3
INFO 2025-07-09 15:38:19,234 views 3564 21108    Labels: 9
INFO 2025-07-09 15:38:19,235 views 3564 21108    Datasets: 5
INFO 2025-07-09 15:38:19,235 views 3564 21108    Dataset 0 (Laboratório de Anatomia): Total=0
INFO 2025-07-09 15:38:19,235 views 3564 21108    Dataset 1 (Laboratório de Informática 1): Total=0
INFO 2025-07-09 15:38:19,235 views 3564 21108    Dataset 2 (Laboratório de Informática 2): Total=0
INFO 2025-07-09 15:38:19,235 views 3564 21108    Dataset 3 (Laboratório Multidisciplinar): Total=0
INFO 2025-07-09 15:38:19,236 views 3564 21108    Dataset 4 (Laboratório Solos e Sementes): Total=3
INFO 2025-07-09 16:27:49,416 views 19224 20476    Labels: 9
INFO 2025-07-09 16:27:49,417 views 19224 20476    Datasets: 5
INFO 2025-07-09 16:27:49,417 views 19224 20476    Dataset 0 (Laboratório de Anatomia): Total=0
INFO 2025-07-09 16:27:49,417 views 19224 20476    Dataset 1 (Laboratório de Informática 1): Total=0
INFO 2025-07-09 16:27:49,417 views 19224 20476    Dataset 2 (Laboratório de Informática 2): Total=0
INFO 2025-07-09 16:27:49,417 views 19224 20476    Dataset 3 (Laboratório Multidisciplinar): Total=0
INFO 2025-07-09 16:27:49,417 views 19224 20476    Dataset 4 (Laboratório Solos e Sementes): Total=3
INFO 2025-07-11 14:19:57,052 views 12716 6012    Labels: 9
INFO 2025-07-11 14:19:57,052 views 12716 6012    Datasets: 5
INFO 2025-07-11 14:19:57,053 views 12716 6012    Dataset 0 (Laboratório de Anatomia): Total=0
INFO 2025-07-11 14:19:57,053 views 12716 6012    Dataset 1 (Laboratório de Informática 1): Total=0
INFO 2025-07-11 14:19:57,054 views 12716 6012    Dataset 2 (Laboratório de Informática 2): Total=0
INFO 2025-07-11 14:19:57,054 views 12716 6012    Dataset 3 (Laboratório Multidisciplinar): Total=0
INFO 2025-07-11 14:19:57,054 views 12716 6012    Dataset 4 (Laboratório Solos e Sementes): Total=3
INFO 2025-07-11 14:36:25,367 views 20132 10832    Labels: 9
INFO 2025-07-11 14:36:25,367 views 20132 10832    Datasets: 5
INFO 2025-07-11 14:36:25,367 views 20132 10832    Dataset 0 (Laboratório de Anatomia): Total=0
INFO 2025-07-11 14:36:25,368 views 20132 10832    Dataset 1 (Laboratório de Informática 1): Total=0
INFO 2025-07-11 14:36:25,368 views 20132 10832    Dataset 2 (Laboratório de Informática 2): Total=0
INFO 2025-07-11 14:36:25,368 views 20132 10832    Dataset 3 (Laboratório Multidisciplinar): Total=0
INFO 2025-07-11 14:36:25,368 views 20132 10832    Dataset 4 (Laboratório Solos e Sementes): Total=3
INFO 2025-07-11 14:37:59,783 views 3152 7144    Labels: 9
INFO 2025-07-11 14:37:59,784 views 3152 7144    Datasets: 5
INFO 2025-07-11 14:37:59,784 views 3152 7144    Dataset 0 (Laboratório de Anatomia): Total=0
INFO 2025-07-11 14:37:59,784 views 3152 7144    Dataset 1 (Laboratório de Informática 1): Total=0
INFO 2025-07-11 14:37:59,785 views 3152 7144    Dataset 2 (Laboratório de Informática 2): Total=0
INFO 2025-07-11 14:37:59,785 views 3152 7144    Dataset 3 (Laboratório Multidisciplinar): Total=0
INFO 2025-07-11 14:37:59,785 views 3152 7144    Dataset 4 (Laboratório Solos e Sementes): Total=3
INFO 2025-07-11 17:07:45,958 views 21072 17548    Labels: 9
INFO 2025-07-11 17:07:45,958 views 21072 17548    Datasets: 5
INFO 2025-07-11 17:07:45,959 views 21072 17548    Dataset 0 (Laboratório de Anatomia): Total=0
INFO 2025-07-11 17:07:45,959 views 21072 17548    Dataset 1 (Laboratório de Informática 1): Total=0
INFO 2025-07-11 17:07:45,959 views 21072 17548    Dataset 2 (Laboratório de Informática 2): Total=0
INFO 2025-07-11 17:07:45,959 views 21072 17548    Dataset 3 (Laboratório Multidisciplinar): Total=0
INFO 2025-07-11 17:07:45,959 views 21072 17548    Dataset 4 (Laboratório Solos e Sementes): Total=3
INFO 2025-07-11 17:20:52,691 views 4268 17460    Labels: 9
INFO 2025-07-11 17:20:52,691 views 4268 17460    Datasets: 5
INFO 2025-07-11 17:20:52,691 views 4268 17460    Dataset 0 (Laboratório de Anatomia): Total=0
INFO 2025-07-11 17:20:52,691 views 4268 17460    Dataset 1 (Laboratório de Informática 1): Total=0
INFO 2025-07-11 17:20:52,691 views 4268 17460    Dataset 2 (Laboratório de Informática 2): Total=0
INFO 2025-07-11 17:20:52,691 views 4268 17460    Dataset 3 (Laboratório Multidisciplinar): Total=0
INFO 2025-07-11 17:20:52,691 views 4268 17460    Dataset 4 (Laboratório Solos e Sementes): Total=3
INFO 2025-07-12 14:37:06,468 views 12000 19764    Labels: 9
INFO 2025-07-12 14:37:06,468 views 12000 19764    Datasets: 5
INFO 2025-07-12 14:37:06,469 views 12000 19764    Dataset 0 (Laboratório de Anatomia): Total=0
INFO 2025-07-12 14:37:06,469 views 12000 19764    Dataset 1 (Laboratório de Informática 1): Total=0
INFO 2025-07-12 14:37:06,469 views 12000 19764    Dataset 2 (Laboratório de Informática 2): Total=0
INFO 2025-07-12 14:37:06,469 views 12000 19764    Dataset 3 (Laboratório Multidisciplinar): Total=0
INFO 2025-07-12 14:37:06,469 views 12000 19764    Dataset 4 (Laboratório Solos e Sementes): Total=3
INFO 2025-07-15 07:17:05,795 views 14632 13580    Labels: 9
INFO 2025-07-15 07:17:05,796 views 14632 13580    Datasets: 5
INFO 2025-07-15 07:17:05,796 views 14632 13580    Dataset 0 (Laboratório de Anatomia): Total=1
INFO 2025-07-15 07:17:05,797 views 14632 13580    Dataset 1 (Laboratório de Informática 1): Total=0
INFO 2025-07-15 07:17:05,797 views 14632 13580    Dataset 2 (Laboratório de Informática 2): Total=0
INFO 2025-07-15 07:17:05,797 views 14632 13580    Dataset 3 (Laboratório Multidisciplinar): Total=0
INFO 2025-07-15 07:17:05,798 views 14632 13580    Dataset 4 (Laboratório Solos e Sementes): Total=3
INFO 2025-07-15 08:51:25,188 views 22472 9076    Labels: 9
INFO 2025-07-15 08:51:25,189 views 22472 9076    Datasets: 6
INFO 2025-07-15 08:51:25,189 views 22472 9076    Dataset 0 (Laboratório de Anatomia): Total=1
INFO 2025-07-15 08:51:25,189 views 22472 9076    Dataset 1 (Laboratório de Informática 1): Total=0
INFO 2025-07-15 08:51:25,189 views 22472 9076    Dataset 2 (Laboratório de Informática 2): Total=0
INFO 2025-07-15 08:51:25,190 views 22472 9076    Dataset 3 (Laboratório Geral): Total=0
INFO 2025-07-15 08:51:25,190 views 22472 9076    Dataset 4 (Laboratório Multidisciplinar): Total=0
INFO 2025-07-15 08:51:25,190 views 22472 9076    Dataset 5 (Laboratório Solos e Sementes): Total=3
INFO 2025-07-15 10:07:38,498 views 11112 5364    Labels: 9
INFO 2025-07-15 10:07:38,498 views 11112 5364    Datasets: 6
INFO 2025-07-15 10:07:38,498 views 11112 5364    Dataset 0 (Laboratório de Anatomia): Total=1
INFO 2025-07-15 10:07:38,499 views 11112 5364    Dataset 1 (Laboratório de Informática 1): Total=0
INFO 2025-07-15 10:07:38,499 views 11112 5364    Dataset 2 (Laboratório de Informática 2): Total=0
INFO 2025-07-15 10:07:38,499 views 11112 5364    Dataset 3 (Laboratório Geral): Total=0
INFO 2025-07-15 10:07:38,499 views 11112 5364    Dataset 4 (Laboratório Multidisciplinar): Total=0
INFO 2025-07-15 10:07:38,499 views 11112 5364    Dataset 5 (Laboratório Solos e Sementes): Total=3
INFO 2025-07-16 12:01:49,137 views 16848 10872    Labels: 9
INFO 2025-07-16 12:01:49,138 views 16848 10872    Datasets: 6
INFO 2025-07-16 12:01:49,139 views 16848 10872    Dataset 0 (Laboratório de Anatomia): Total=1
INFO 2025-07-16 12:01:49,139 views 16848 10872    Dataset 1 (Laboratório de Informática 1): Total=0
INFO 2025-07-16 12:01:49,139 views 16848 10872    Dataset 2 (Laboratório de Informática 2): Total=0
INFO 2025-07-16 12:01:49,139 views 16848 10872    Dataset 3 (Laboratório Geral): Total=0
INFO 2025-07-16 12:01:49,139 views 16848 10872    Dataset 4 (Laboratório Multidisciplinar): Total=0
INFO 2025-07-16 12:01:49,140 views 16848 10872    Dataset 5 (Laboratório Solos e Sementes): Total=3
INFO 2025-07-16 12:11:46,633 views 16848 19920    Labels: 9
INFO 2025-07-16 12:11:46,634 views 16848 19920    Datasets: 6
INFO 2025-07-16 12:11:46,634 views 16848 19920    Dataset 0 (Laboratório de Anatomia): Total=1
INFO 2025-07-16 12:11:46,634 views 16848 19920    Dataset 1 (Laboratório de Informática 1): Total=0
INFO 2025-07-16 12:11:46,634 views 16848 19920    Dataset 2 (Laboratório de Informática 2): Total=0
INFO 2025-07-16 12:11:46,634 views 16848 19920    Dataset 3 (Laboratório Geral): Total=0
INFO 2025-07-16 12:11:46,635 views 16848 19920    Dataset 4 (Laboratório Multidisciplinar): Total=0
INFO 2025-07-16 12:11:46,635 views 16848 19920    Dataset 5 (Laboratório Solos e Sementes): Total=3
INFO 2025-07-16 13:08:29,232 views 14464 13580    Labels: 9
INFO 2025-07-16 13:08:29,233 views 14464 13580    Datasets: 6
INFO 2025-07-16 13:08:29,233 views 14464 13580    Dataset 0 (Laboratório de Anatomia): Total=1
INFO 2025-07-16 13:08:29,233 views 14464 13580    Dataset 1 (Laboratório de Informática 1): Total=0
INFO 2025-07-16 13:08:29,234 views 14464 13580    Dataset 2 (Laboratório de Informática 2): Total=0
INFO 2025-07-16 13:08:29,234 views 14464 13580    Dataset 3 (Laboratório Geral): Total=0
INFO 2025-07-16 13:08:29,234 views 14464 13580    Dataset 4 (Laboratório Multidisciplinar): Total=0
INFO 2025-07-16 13:08:29,234 views 14464 13580    Dataset 5 (Laboratório Solos e Sementes): Total=3
INFO 2025-07-16 13:17:12,987 views 14464 17684    Labels: 9
INFO 2025-07-16 13:17:12,987 views 14464 17684    Datasets: 6
INFO 2025-07-16 13:17:12,987 views 14464 17684    Dataset 0 (Laboratório de Anatomia): Total=1
INFO 2025-07-16 13:17:12,988 views 14464 17684    Dataset 1 (Laboratório de Informática 1): Total=0
INFO 2025-07-16 13:17:12,988 views 14464 17684    Dataset 2 (Laboratório de Informática 2): Total=0
INFO 2025-07-16 13:17:12,988 views 14464 17684    Dataset 3 (Laboratório Geral): Total=0
INFO 2025-07-16 13:17:12,988 views 14464 17684    Dataset 4 (Laboratório Multidisciplinar): Total=0
INFO 2025-07-16 13:17:12,988 views 14464 17684    Dataset 5 (Laboratório Solos e Sementes): Total=3
INFO 2025-07-16 13:18:46,016 views 14464 19856    Labels: 9
INFO 2025-07-16 13:18:46,016 views 14464 19856    Datasets: 6
INFO 2025-07-16 13:18:46,017 views 14464 19856    Dataset 0 (Laboratório de Anatomia): Total=1
INFO 2025-07-16 13:18:46,017 views 14464 19856    Dataset 1 (Laboratório de Informática 1): Total=0
INFO 2025-07-16 13:18:46,017 views 14464 19856    Dataset 2 (Laboratório de Informática 2): Total=0
INFO 2025-07-16 13:18:46,017 views 14464 19856    Dataset 3 (Laboratório Geral): Total=0
INFO 2025-07-16 13:18:46,018 views 14464 19856    Dataset 4 (Laboratório Multidisciplinar): Total=0
INFO 2025-07-16 13:18:46,018 views 14464 19856    Dataset 5 (Laboratório Solos e Sementes): Total=3
INFO 2025-07-16 13:19:46,687 views 14464 11308    Labels: 9
INFO 2025-07-16 13:19:46,687 views 14464 11308    Datasets: 6
INFO 2025-07-16 13:19:46,688 views 14464 11308    Dataset 0 (Laboratório de Anatomia): Total=1
INFO 2025-07-16 13:19:46,689 views 14464 11308    Dataset 1 (Laboratório de Informática 1): Total=0
INFO 2025-07-16 13:19:46,689 views 14464 11308    Dataset 2 (Laboratório de Informática 2): Total=0
INFO 2025-07-16 13:19:46,689 views 14464 11308    Dataset 3 (Laboratório Geral): Total=0
INFO 2025-07-16 13:19:46,690 views 14464 11308    Dataset 4 (Laboratório Multidisciplinar): Total=0
INFO 2025-07-16 13:19:46,690 views 14464 11308    Dataset 5 (Laboratório Solos e Sementes): Total=3
INFO 2025-07-16 14:13:34,461 views 22792 13884    Labels: 9
INFO 2025-07-16 14:13:34,465 views 22792 13884    Datasets: 6
INFO 2025-07-16 14:13:34,468 views 22792 13884    Dataset 0 (Laboratório de Anatomia): Total=1
INFO 2025-07-16 14:13:34,470 views 22792 13884    Dataset 1 (Laboratório de Informática 1): Total=0
INFO 2025-07-16 14:13:34,472 views 22792 13884    Dataset 2 (Laboratório de Informática 2): Total=0
INFO 2025-07-16 14:13:34,473 views 22792 13884    Dataset 3 (Laboratório Geral): Total=0
INFO 2025-07-16 14:13:34,475 views 22792 13884    Dataset 4 (Laboratório Multidisciplinar): Total=0
INFO 2025-07-16 14:13:34,476 views 22792 13884    Dataset 5 (Laboratório Solos e Sementes): Total=3
INFO 2025-07-16 14:14:22,594 views 22792 3892    Labels: 13
INFO 2025-07-16 14:14:22,594 views 22792 3892    Datasets: 6
INFO 2025-07-16 14:14:22,594 views 22792 3892    Dataset 0 (Laboratório de Anatomia): Total=1
INFO 2025-07-16 14:14:22,594 views 22792 3892    Dataset 1 (Laboratório de Informática 1): Total=0
INFO 2025-07-16 14:14:22,594 views 22792 3892    Dataset 2 (Laboratório de Informática 2): Total=0
INFO 2025-07-16 14:14:22,595 views 22792 3892    Dataset 3 (Laboratório Geral): Total=0
INFO 2025-07-16 14:14:22,595 views 22792 3892    Dataset 4 (Laboratório Multidisciplinar): Total=0
INFO 2025-07-16 14:14:22,595 views 22792 3892    Dataset 5 (Laboratório Solos e Sementes): Total=3
INFO 2025-07-16 14:14:27,531 views 22792 3892    Labels: 6
INFO 2025-07-16 14:14:27,531 views 22792 3892    Datasets: 6
INFO 2025-07-16 14:14:27,532 views 22792 3892    Dataset 0 (Laboratório de Anatomia): Total=1
INFO 2025-07-16 14:14:27,532 views 22792 3892    Dataset 1 (Laboratório de Informática 1): Total=0
INFO 2025-07-16 14:14:27,532 views 22792 3892    Dataset 2 (Laboratório de Informática 2): Total=0
INFO 2025-07-16 14:14:27,532 views 22792 3892    Dataset 3 (Laboratório Geral): Total=0
INFO 2025-07-16 14:14:27,532 views 22792 3892    Dataset 4 (Laboratório Multidisciplinar): Total=0
INFO 2025-07-16 14:14:27,533 views 22792 3892    Dataset 5 (Laboratório Solos e Sementes): Total=3
INFO 2025-07-16 14:36:25,018 views 22792 19616    Labels: 9
INFO 2025-07-16 14:36:25,018 views 22792 19616    Datasets: 7
INFO 2025-07-16 14:36:25,019 views 22792 19616    Dataset 0 (Laboratório de Anatomia): Total=1
INFO 2025-07-16 14:36:25,019 views 22792 19616    Dataset 1 (Laboratório de Física): Total=0
INFO 2025-07-16 14:36:25,019 views 22792 19616    Dataset 2 (Laboratório de Informática 1): Total=0
INFO 2025-07-16 14:36:25,020 views 22792 19616    Dataset 3 (Laboratório de Informática 2): Total=0
INFO 2025-07-16 14:36:25,021 views 22792 19616    Dataset 4 (Laboratório Geral): Total=0
INFO 2025-07-16 14:36:25,021 views 22792 19616    Dataset 5 (Laboratório Multidisciplinar): Total=0
INFO 2025-07-16 14:36:25,021 views 22792 19616    Dataset 6 (Laboratório Solos e Sementes): Total=3
INFO 2025-07-16 14:43:55,580 views 22792 7456    Labels: 9
INFO 2025-07-16 14:43:55,580 views 22792 7456    Datasets: 7
INFO 2025-07-16 14:43:55,581 views 22792 7456    Dataset 0 (Laboratório de Anatomia): Total=1
INFO 2025-07-16 14:43:55,581 views 22792 7456    Dataset 1 (Laboratório de Física): Total=0
INFO 2025-07-16 14:43:55,581 views 22792 7456    Dataset 2 (Laboratório de Informática 1): Total=0
INFO 2025-07-16 14:43:55,581 views 22792 7456    Dataset 3 (Laboratório de Informática 2): Total=0
INFO 2025-07-16 14:43:55,582 views 22792 7456    Dataset 4 (Laboratório Geral): Total=0
INFO 2025-07-16 14:43:55,582 views 22792 7456    Dataset 5 (Laboratório Multidisciplinar): Total=0
INFO 2025-07-16 14:43:55,582 views 22792 7456    Dataset 6 (Laboratório Solos e Sementes): Total=3
INFO 2025-07-18 16:55:48,076 views 9576 21612    Labels: 9
INFO 2025-07-18 16:55:48,077 views 9576 21612    Datasets: 7
INFO 2025-07-18 16:55:48,077 views 9576 21612    Dataset 0 (Laboratório de Anatomia): Total=1
INFO 2025-07-18 16:55:48,078 views 9576 21612    Dataset 1 (Laboratório de Física): Total=0
INFO 2025-07-18 16:55:48,078 views 9576 21612    Dataset 2 (Laboratório de Informática 1): Total=0
INFO 2025-07-18 16:55:48,078 views 9576 21612    Dataset 3 (Laboratório de Informática 2): Total=0
INFO 2025-07-18 16:55:48,078 views 9576 21612    Dataset 4 (Laboratório Geral): Total=0
INFO 2025-07-18 16:55:48,078 views 9576 21612    Dataset 5 (Laboratório Multidisciplinar): Total=0
INFO 2025-07-18 16:55:48,079 views 9576 21612    Dataset 6 (Laboratório Solos e Sementes): Total=3
INFO 2025-07-18 17:12:18,350 views 19080 19184    Labels: 9
INFO 2025-07-18 17:12:18,350 views 19080 19184    Datasets: 7
INFO 2025-07-18 17:12:18,351 views 19080 19184    Dataset 0 (Laboratório de Anatomia): Total=1
INFO 2025-07-18 17:12:18,351 views 19080 19184    Dataset 1 (Laboratório de Física): Total=0
INFO 2025-07-18 17:12:18,351 views 19080 19184    Dataset 2 (Laboratório de Informática 1): Total=0
INFO 2025-07-18 17:12:18,351 views 19080 19184    Dataset 3 (Laboratório de Informática 2): Total=0
INFO 2025-07-18 17:12:18,351 views 19080 19184    Dataset 4 (Laboratório Geral): Total=0
INFO 2025-07-18 17:12:18,352 views 19080 19184    Dataset 5 (Laboratório Multidisciplinar): Total=0
INFO 2025-07-18 17:12:18,352 views 19080 19184    Dataset 6 (Laboratório Solos e Sementes): Total=3
INFO 2025-07-21 15:38:19,639 views 3892 13960    Labels: 9
INFO 2025-07-21 15:38:19,640 views 3892 13960    Datasets: 7
INFO 2025-07-21 15:38:19,640 views 3892 13960    Dataset 0 (Laboratório de Anatomia): Total=1
INFO 2025-07-21 15:38:19,640 views 3892 13960    Dataset 1 (Laboratório de Física): Total=0
INFO 2025-07-21 15:38:19,641 views 3892 13960    Dataset 2 (Laboratório de Informática 1): Total=0
INFO 2025-07-21 15:38:19,641 views 3892 13960    Dataset 3 (Laboratório de Informática 2): Total=0
INFO 2025-07-21 15:38:19,641 views 3892 13960    Dataset 4 (Laboratório Geral): Total=0
INFO 2025-07-21 15:38:19,641 views 3892 13960    Dataset 5 (Laboratório Multidisciplinar): Total=0
INFO 2025-07-21 15:38:19,641 views 3892 13960    Dataset 6 (Laboratório Solos e Sementes): Total=3
INFO 2025-07-21 15:38:45,655 views 3892 1304    Labels: 9
INFO 2025-07-21 15:38:45,655 views 3892 1304    Datasets: 7
INFO 2025-07-21 15:38:45,656 views 3892 1304    Dataset 0 (Laboratório de Anatomia): Total=1
INFO 2025-07-21 15:38:45,656 views 3892 1304    Dataset 1 (Laboratório de Física): Total=0
INFO 2025-07-21 15:38:45,656 views 3892 1304    Dataset 2 (Laboratório de Informática 1): Total=0
INFO 2025-07-21 15:38:45,657 views 3892 1304    Dataset 3 (Laboratório de Informática 2): Total=0
INFO 2025-07-21 15:38:45,657 views 3892 1304    Dataset 4 (Laboratório Geral): Total=0
INFO 2025-07-21 15:38:45,657 views 3892 1304    Dataset 5 (Laboratório Multidisciplinar): Total=0
INFO 2025-07-21 15:38:45,657 views 3892 1304    Dataset 6 (Laboratório Solos e Sementes): Total=3
INFO 2025-07-22 11:01:38,970 views 15288 21292    Labels: 9
INFO 2025-07-22 11:01:38,970 views 15288 21292    Datasets: 7
INFO 2025-07-22 11:01:38,971 views 15288 21292    Dataset 0 (Laboratório de Anatomia): Total=1
INFO 2025-07-22 11:01:38,971 views 15288 21292    Dataset 1 (Laboratório de Física): Total=0
INFO 2025-07-22 11:01:38,971 views 15288 21292    Dataset 2 (Laboratório de Informática 1): Total=0
INFO 2025-07-22 11:01:38,971 views 15288 21292    Dataset 3 (Laboratório de Informática 2): Total=0
INFO 2025-07-22 11:01:38,971 views 15288 21292    Dataset 4 (Laboratório Geral): Total=0
INFO 2025-07-22 11:01:38,972 views 15288 21292    Dataset 5 (Laboratório Multidisciplinar): Total=0
INFO 2025-07-22 11:01:38,972 views 15288 21292    Dataset 6 (Laboratório Solos e Sementes): Total=3
INFO 2025-07-22 11:03:25,908 views 15288 10972    Labels: 9
INFO 2025-07-22 11:03:25,908 views 15288 10972    Datasets: 7
INFO 2025-07-22 11:03:25,908 views 15288 10972    Dataset 0 (Laboratório de Anatomia): Total=1
INFO 2025-07-22 11:03:25,908 views 15288 10972    Dataset 1 (Laboratório de Física): Total=0
INFO 2025-07-22 11:03:25,909 views 15288 10972    Dataset 2 (Laboratório de Informática 1): Total=0
INFO 2025-07-22 11:03:25,909 views 15288 10972    Dataset 3 (Laboratório de Informática 2): Total=0
INFO 2025-07-22 11:03:25,909 views 15288 10972    Dataset 4 (Laboratório Geral): Total=0
INFO 2025-07-22 11:03:25,909 views 15288 10972    Dataset 5 (Laboratório Multidisciplinar): Total=0
INFO 2025-07-22 11:03:25,909 views 15288 10972    Dataset 6 (Laboratório Solos e Sementes): Total=3
